[32/71] basalt | c: src/include/cl_util.c -> build/src/include/cl_util.c.16.o
../src/include/cl_util.c: In function 'cl_text_layer_create':
../src/include/cl_util.c:24:5: error: passing argument 2 of 'text_layer_set_font' from incompatible pointer type [-Werror]
In file included from ../src/include/cl_util.h:5:0,
                 from ../src/include/cl_util.c:1:
/home/pebble/.pebble-sdk/SDKs/current/sdk-core/pebble/basalt/include/pebble.h:6507:6: note: expected 'GFont' but argument is of type 'struct FontInfo **'
cc1: all warnings being treated as errors
Waf: Leaving directory `/pebble/watchfaces/cards/build'
Build failed
 -> task in 'basalt/pebble-app.elf' failed (exit status 1): 
	{task 140552692862352: c cl_util.c -> cl_util.c.16.o}
['arm-none-eabi-gcc', '-std=c99', '-mcpu=cortex-m3', '-mthumb', '-ffunction-sections', '-fdata-sections', '-g', '-fPIE', '-Os', '-D_TIME_H_', '-Wall', '-Wextra', '-Werror', '-Wno-unused-parameter', '-Wno-error=unused-function', '-Wno-error=unused-variable', '-I/home/pebble/.pebble-sdk/SDKs/current/sdk-core/pebble/basalt/include', '-I/pebble/watchfaces/cards/build', '-I/pebble/watchfaces/cards', '-I/pebble/watchfaces/cards/build/include', '-I/pebble/watchfaces/cards/include', '-I/pebble/watchfaces/cards/build/src', '-I/pebble/watchfaces/cards/src', '-I/pebble/watchfaces/cards/build/basalt', '-I/pebble/watchfaces/cards/basalt', '-DRELEASE', '-DPBL_PLATFORM_BASALT', '-DPBL_COLOR', '-DPBL_RECT', '-DPBL_MICROPHONE', '-DPBL_SMARTSTRAP', '-DPBL_HEALTH', '-DPBL_COMPASS', '-DPBL_SMARTSTRAP_POWER', '-DPBL_DISPLAY_WIDTH=144', '-DPBL_DISPLAY_HEIGHT=168', '-DPBL_SDK_3', '-D__FILE_NAME__="cl_util.c"', '../src/include/cl_util.c', '-c', '-o', 'src/include/cl_util.c.16.o']
Build failed.
Exit code for ./watchfaces/cards/: 1

[15/84] emery | c: src/cmdtimetyped.c -> build/src/cmdtimetyped.c.37.o
../src/cmdtimetyped.c:9:1: error: unknown type name 'InverterLayer'
../src/cmdtimetyped.c: In function 'set_time_anim':
../src/cmdtimetyped.c:145:9: error: implicit declaration of function 'inverter_layer_get_layer' [-Werror=implicit-function-declaration]
../src/cmdtimetyped.c:145:9: error: passing argument 1 of 'layer_remove_from_parent' makes pointer from integer without a cast [-Werror]
In file included from ../src/cmdtimetyped.c:1:0:
/home/pebble/.pebble-sdk/SDKs/current/sdk-core/pebble/emery/include/pebble.h:5197:6: note: expected 'struct Layer *' but argument is of type 'int'
../src/cmdtimetyped.c:150:9: error: passing argument 2 of 'layer_add_child' makes pointer from integer without a cast [-Werror]
In file included from ../src/cmdtimetyped.c:1:0:
/home/pebble/.pebble-sdk/SDKs/current/sdk-core/pebble/emery/include/pebble.h:5214:6: note: expected 'struct Layer *' but argument is of type 'int'
../src/cmdtimetyped.c: In function 'tick_handler':
../src/cmdtimetyped.c:176:3: error: passing argument 1 of 'layer_remove_from_parent' makes pointer from integer without a cast [-Werror]
In file included from ../src/cmdtimetyped.c:1:0:
/home/pebble/.pebble-sdk/SDKs/current/sdk-core/pebble/emery/include/pebble.h:5197:6: note: expected 'struct Layer *' but argument is of type 'int'
../src/cmdtimetyped.c: In function 'window_load':
../src/cmdtimetyped.c:213:3: error: implicit declaration of function 'inverter_layer_create' [-Werror=implicit-function-declaration]
../src/cmdtimetyped.c:213:16: error: assignment makes pointer from integer without a cast [-Werror]
../src/cmdtimetyped.c: In function 'window_unload':
../src/cmdtimetyped.c:228:3: error: implicit declaration of function 'inverter_layer_destroy' [-Werror=implicit-function-declaration]
cc1: all warnings being treated as errors
Waf: Leaving directory `/pebble/watchfaces/cmd-time-typed/build'
Build failed
 -> task in 'emery/pebble-app.elf' failed (exit status 1): 
	{task 139878344219792: c cmdtimetyped.c -> cmdtimetyped.c.37.o}
['arm-none-eabi-gcc', '-std=c99', '-mcpu=cortex-m3', '-mthumb', '-ffunction-sections', '-fdata-sections', '-g', '-fPIE', '-Os', '-D_TIME_H_', '-Wall', '-Wextra', '-Werror', '-Wno-unused-parameter', '-Wno-error=unused-function', '-Wno-error=unused-variable', '-I/home/pebble/.pebble-sdk/SDKs/current/sdk-core/pebble/emery/include', '-I/pebble/watchfaces/cmd-time-typed/build', '-I/pebble/watchfaces/cmd-time-typed', '-I/pebble/watchfaces/cmd-time-typed/build/include', '-I/pebble/watchfaces/cmd-time-typed/include', '-I/pebble/watchfaces/cmd-time-typed/build/src', '-I/pebble/watchfaces/cmd-time-typed/src', '-I/pebble/watchfaces/cmd-time-typed/build/emery', '-I/pebble/watchfaces/cmd-time-typed/emery', '-DRELEASE', '-DPBL_PLATFORM_EMERY', '-DPBL_COLOR', '-DPBL_RECT', '-DPBL_MICROPHONE', '-DPBL_SMARTSTRAP', '-DPBL_HEALTH', '-DPBL_SMARTSTRAP_POWER', '-DPBL_COMPASS', '-DPBL_DISPLAY_WIDTH=200', '-DPBL_DISPLAY_HEIGHT=228', '-DPBL_SDK_3', '-D__FILE_NAME__="cmdtimetyped.c"', '../src/cmdtimetyped.c', '-c', '-o', 'src/cmdtimetyped.c.37.o']
Build failed.
Exit code for ./watchfaces/cmd-time-typed/: 1

[15/84] emery | c: src/cmdtime.c -> build/src/cmdtime.c.37.o
../src/cmdtime.c:6:1: error: unknown type name 'InverterLayer'
../src/cmdtime.c: In function 'tick_handler':
../src/cmdtime.c:47:5: error: implicit declaration of function 'inverter_layer_get_layer' [-Werror=implicit-function-declaration]
../src/cmdtime.c:47:5: error: passing argument 1 of 'layer_remove_from_parent' makes pointer from integer without a cast [-Werror]
In file included from ../src/cmdtime.c:1:0:
/home/pebble/.pebble-sdk/SDKs/current/sdk-core/pebble/emery/include/pebble.h:5197:6: note: expected 'struct Layer *' but argument is of type 'int'
../src/cmdtime.c:52:5: error: passing argument 2 of 'layer_add_child' makes pointer from integer without a cast [-Werror]
In file included from ../src/cmdtime.c:1:0:
/home/pebble/.pebble-sdk/SDKs/current/sdk-core/pebble/emery/include/pebble.h:5214:6: note: expected 'struct Layer *' but argument is of type 'int'
../src/cmdtime.c: In function 'window_load':
../src/cmdtime.c:86:3: error: implicit declaration of function 'inverter_layer_create' [-Werror=implicit-function-declaration]
../src/cmdtime.c:86:16: error: assignment makes pointer from integer without a cast [-Werror]
../src/cmdtime.c: In function 'window_unload':
../src/cmdtime.c:105:3: error: implicit declaration of function 'inverter_layer_destroy' [-Werror=implicit-function-declaration]
../src/cmdtime.c: At top level:
../src/cmdtime.c:7:18: warning: 'timer' defined but not used [-Wunused-variable]
cc1: all warnings being treated as errors
Waf: Leaving directory `/pebble/watchfaces/cmd-time/build'
Build failed
 -> task in 'emery/pebble-app.elf' failed (exit status 1): 
	{task 139932924832784: c cmdtime.c -> cmdtime.c.37.o}
['arm-none-eabi-gcc', '-std=c99', '-mcpu=cortex-m3', '-mthumb', '-ffunction-sections', '-fdata-sections', '-g', '-fPIE', '-Os', '-D_TIME_H_', '-Wall', '-Wextra', '-Werror', '-Wno-unused-parameter', '-Wno-error=unused-function', '-Wno-error=unused-variable', '-I/home/pebble/.pebble-sdk/SDKs/current/sdk-core/pebble/emery/include', '-I/pebble/watchfaces/cmd-time/build', '-I/pebble/watchfaces/cmd-time', '-I/pebble/watchfaces/cmd-time/build/include', '-I/pebble/watchfaces/cmd-time/include', '-I/pebble/watchfaces/cmd-time/build/src', '-I/pebble/watchfaces/cmd-time/src', '-I/pebble/watchfaces/cmd-time/build/emery', '-I/pebble/watchfaces/cmd-time/emery', '-DRELEASE', '-DPBL_PLATFORM_EMERY', '-DPBL_COLOR', '-DPBL_RECT', '-DPBL_MICROPHONE', '-DPBL_SMARTSTRAP', '-DPBL_HEALTH', '-DPBL_SMARTSTRAP_POWER', '-DPBL_COMPASS', '-DPBL_DISPLAY_WIDTH=200', '-DPBL_DISPLAY_HEIGHT=228', '-DPBL_SDK_3', '-D__FILE_NAME__="cmdtime.c"', '../src/cmdtime.c', '-c', '-o', 'src/cmdtime.c.37.o']
Build failed.
Exit code for ./watchfaces/cmd-time/: 1

An invalid value of '2' was found in the 'sdkVersion' field of the project's package.json. The latest supported value for this field is '3'.
Exit code for ./watchfaces/divider-large-2/: 1

An invalid value of '2' was found in the 'sdkVersion' field of the project's package.json. The latest supported value for this field is '3'.
Exit code for ./watchfaces/divider-small-2/: 1

Build failed
Traceback (most recent call last):
  File "/home/pebble/.pebble-sdk/SDKs/current/sdk-core/pebble/.waf-1.7.11-951087d39789950ed009f0c86ce75e7b/waflib/Task.py", line 123, in process
    ret=self.run()
  File "/home/pebble/.pebble-sdk/SDKs/current/sdk-core/pebble/.waf-1.7.11-951087d39789950ed009f0c86ce75e7b/waflib/Task.py", line 47, in run
    return m1(self)
  File "/home/pebble/.pebble-sdk/SDKs/current/sdk-core/pebble/.waf-1.7.11-951087d39789950ed009f0c86ce75e7b/waflib/extras/generate_resource_ball.py", line 13, in run
    reso=resource_generator.generate_object(self,self.definition)
  File "/home/pebble/.pebble-sdk/SDKs/current/sdk-core/pebble/common/waftools/resources/resource_map/resource_generator.py", line 76, in generate_object
    return cls.generate_object(task, definition)
  File "/home/pebble/.pebble-sdk/SDKs/current/sdk-core/pebble/common/waftools/resources/resource_map/resource_generator_font.py", line 42, in generate_object
    font_data = cls.build_font_data(task.inputs[0].abspath(), definition)
  File "/home/pebble/.pebble-sdk/SDKs/current/sdk-core/pebble/common/waftools/resources/resource_map/resource_generator_font.py", line 68, in build_font_data
    font.build_tables()
  File "/home/pebble/.pebble-sdk/SDKs/current/sdk-core/pebble/common/tools/font/fontgen.py", line 434, in build_tables
    gindex, glyph_indices_lookup)
  File "/home/pebble/.pebble-sdk/SDKs/current/sdk-core/pebble/common/tools/font/fontgen.py", line 383, in add_glyph
    glyph_bits = self.glyph_bits(codepoint, gindex)
  File "/home/pebble/.pebble-sdk/SDKs/current/sdk-core/pebble/common/tools/font/fontgen.py", line 329, in glyph_bits
    format(codepoint, size, self.max_glyph_size, self.ttf_path))
Exception: Glyph too large! codepoint 8240: 310 > 256. Font /pebble/watchfaces/eventful/resources/fonts/DS-DIGIB.TTF

Build failed.
Exit code for ./watchfaces/eventful/: 1

An invalid value of '2' was found in the 'sdkVersion' field of the project's package.json. The latest supported value for this field is '3'.
Exit code for ./watchfaces/events/: 1

Traceback (most recent call last):
  File "/home/pebble/.pebble-sdk/SDKs/current/sdk-core/pebble/.waf-1.7.11-951087d39789950ed009f0c86ce75e7b/waflib/Scripting.py", line 97, in waf_entry_point
    run_commands()
  File "/home/pebble/.pebble-sdk/SDKs/current/sdk-core/pebble/.waf-1.7.11-951087d39789950ed009f0c86ce75e7b/waflib/Scripting.py", line 153, in run_commands
    ctx=run_command(cmd_name)
  File "/home/pebble/.pebble-sdk/SDKs/current/sdk-core/pebble/.waf-1.7.11-951087d39789950ed009f0c86ce75e7b/waflib/Scripting.py", line 146, in run_command
    ctx.execute()
  File "/home/pebble/.pebble-sdk/SDKs/current/sdk-core/pebble/.waf-1.7.11-951087d39789950ed009f0c86ce75e7b/waflib/Scripting.py", line 351, in execute
    return execute_method(self)
  File "/home/pebble/.pebble-sdk/SDKs/current/sdk-core/pebble/.waf-1.7.11-951087d39789950ed009f0c86ce75e7b/waflib/Build.py", line 106, in execute
    self.execute_build()
  File "/home/pebble/.pebble-sdk/SDKs/current/sdk-core/pebble/.waf-1.7.11-951087d39789950ed009f0c86ce75e7b/waflib/Build.py", line 115, in execute_build
    self.compile()
  File "/home/pebble/.pebble-sdk/SDKs/current/sdk-core/pebble/.waf-1.7.11-951087d39789950ed009f0c86ce75e7b/waflib/Build.py", line 180, in compile
    self.producer.start()
  File "/home/pebble/.pebble-sdk/SDKs/current/sdk-core/pebble/.waf-1.7.11-951087d39789950ed009f0c86ce75e7b/waflib/Runner.py", line 149, in start
    self.refill_task_list()
  File "/home/pebble/.pebble-sdk/SDKs/current/sdk-core/pebble/.waf-1.7.11-951087d39789950ed009f0c86ce75e7b/waflib/Runner.py", line 98, in refill_task_list
    self.outstanding.extend(self.biter.next())
  File "/home/pebble/.pebble-sdk/SDKs/current/sdk-core/pebble/.waf-1.7.11-951087d39789950ed009f0c86ce75e7b/waflib/Build.py", line 410, in get_build_iterator
    self.post_group()
  File "/home/pebble/.pebble-sdk/SDKs/current/sdk-core/pebble/.waf-1.7.11-951087d39789950ed009f0c86ce75e7b/waflib/Build.py", line 394, in post_group
    f()
  File "/home/pebble/.pebble-sdk/SDKs/current/sdk-core/pebble/.waf-1.7.11-951087d39789950ed009f0c86ce75e7b/waflib/TaskGen.py", line 109, in post
    v()
  File "/home/pebble/.pebble-sdk/SDKs/current/sdk-core/pebble/.waf-1.7.11-951087d39789950ed009f0c86ce75e7b/waflib/extras/process_js.py", line 56, in process_js
    merge_task.js_entry_file=task_gen.js_entry_file
AttributeError: 'task_gen' object has no attribute 'js_entry_file'
Build failed.
Exit code for ./watchfaces/isotime-appstore/: 1

An invalid value of '2' was found in the 'sdkVersion' field of the project's package.json. The latest supported value for this field is '3'.
Exit code for ./watchfaces/kitty-watchface/: 1

An invalid value of '2' was found in the 'sdkVersion' field of the project's package.json. The latest supported value for this field is '3'.
Exit code for ./watchfaces/past-present-future-extended/: 1

An invalid value of '2' was found in the 'sdkVersion' field of the project's package.json. The latest supported value for this field is '3'.
Exit code for ./watchfaces/past-present-future/: 1

An invalid value of '2' was found in the 'sdkVersion' field of the project's package.json. The latest supported value for this field is '3'.
Exit code for ./watchfaces/seven-segments-date/: 1

An invalid value of '2' was found in the 'sdkVersion' field of the project's package.json. The latest supported value for this field is '3'.
Exit code for ./watchfaces/seven-segments/: 1

[18/99] emery | c: src/splithorizonminutes.c -> build/src/splithorizonminutes.c.37.o
../src/splithorizonminutes.c:6:1: error: unknown type name 'InverterLayer'
../src/splithorizonminutes.c: In function 'set_time':
../src/splithorizonminutes.c:16:6: warning: unused variable 'seconds' [-Wunused-variable]
../src/splithorizonminutes.c: In function 'tick_handler':
../src/splithorizonminutes.c:100:4: error: implicit declaration of function 'inverter_layer_get_layer' [-Werror=implicit-function-declaration]
../src/splithorizonminutes.c:100:4: error: passing argument 1 of 'animate_layer' makes pointer from integer without a cast [-Werror]
../src/splithorizonminutes.c:9:13: note: expected 'struct Layer *' but argument is of type 'int'
../src/splithorizonminutes.c:101:4: error: passing argument 1 of 'animate_layer' makes pointer from integer without a cast [-Werror]
../src/splithorizonminutes.c:9:13: note: expected 'struct Layer *' but argument is of type 'int'
../src/splithorizonminutes.c:105:4: error: passing argument 1 of 'animate_layer' makes pointer from integer without a cast [-Werror]
../src/splithorizonminutes.c:9:13: note: expected 'struct Layer *' but argument is of type 'int'
../src/splithorizonminutes.c:106:4: error: passing argument 1 of 'animate_layer' makes pointer from integer without a cast [-Werror]
../src/splithorizonminutes.c:9:13: note: expected 'struct Layer *' but argument is of type 'int'
../src/splithorizonminutes.c: In function 'window_load':
../src/splithorizonminutes.c:144:2: error: implicit declaration of function 'inverter_layer_create' [-Werror=implicit-function-declaration]
../src/splithorizonminutes.c:144:12: error: assignment makes pointer from integer without a cast [-Werror]
../src/splithorizonminutes.c:145:2: error: passing argument 2 of 'layer_add_child' makes pointer from integer without a cast [-Werror]
In file included from ../src/splithorizonminutes.c:1:0:
/home/pebble/.pebble-sdk/SDKs/current/sdk-core/pebble/emery/include/pebble.h:5214:6: note: expected 'struct Layer *' but argument is of type 'int'
../src/splithorizonminutes.c:147:15: error: assignment makes pointer from integer without a cast [-Werror]
../src/splithorizonminutes.c:148:2: error: passing argument 2 of 'layer_add_child' makes pointer from integer without a cast [-Werror]
In file included from ../src/splithorizonminutes.c:1:0:
/home/pebble/.pebble-sdk/SDKs/current/sdk-core/pebble/emery/include/pebble.h:5214:6: note: expected 'struct Layer *' but argument is of type 'int'
../src/splithorizonminutes.c: In function 'window_unload':
../src/splithorizonminutes.c:164:2: error: implicit declaration of function 'inverter_layer_destroy' [-Werror=implicit-function-declaration]
cc1: all warnings being treated as errors
Waf: Leaving directory `/pebble/watchfaces/split-horizon-me/build'
Build failed
 -> task in 'emery/pebble-app.elf' failed (exit status 1): 
	{task 140627850100944: c splithorizonminutes.c -> splithorizonminutes.c.37.o}
['arm-none-eabi-gcc', '-std=c99', '-mcpu=cortex-m3', '-mthumb', '-ffunction-sections', '-fdata-sections', '-g', '-fPIE', '-Os', '-D_TIME_H_', '-Wall', '-Wextra', '-Werror', '-Wno-unused-parameter', '-Wno-error=unused-function', '-Wno-error=unused-variable', '-I/home/pebble/.pebble-sdk/SDKs/current/sdk-core/pebble/emery/include', '-I/pebble/watchfaces/split-horizon-me/build', '-I/pebble/watchfaces/split-horizon-me', '-I/pebble/watchfaces/split-horizon-me/build/include', '-I/pebble/watchfaces/split-horizon-me/include', '-I/pebble/watchfaces/split-horizon-me/build/src', '-I/pebble/watchfaces/split-horizon-me/src', '-I/pebble/watchfaces/split-horizon-me/build/emery', '-I/pebble/watchfaces/split-horizon-me/emery', '-DRELEASE', '-DPBL_PLATFORM_EMERY', '-DPBL_COLOR', '-DPBL_RECT', '-DPBL_MICROPHONE', '-DPBL_SMARTSTRAP', '-DPBL_HEALTH', '-DPBL_SMARTSTRAP_POWER', '-DPBL_COMPASS', '-DPBL_DISPLAY_WIDTH=200', '-DPBL_DISPLAY_HEIGHT=228', '-DPBL_SDK_3', '-D__FILE_NAME__="splithorizonminutes.c"', '../src/splithorizonminutes.c', '-c', '-o', 'src/splithorizonminutes.c.37.o']
Build failed.
Exit code for ./watchfaces/split-horizon-me/: 1

Couldn't open project info.
Exit code for ./watchapps/data-toggle-android/: 1

This project is very outdated, and cannot be handled by this SDK.
Exit code for ./watchapps/data-toggle-pebble/: 1

This is not a project directory.
Exit code for ./watchapps/pge-examples/: 1
